App verification started at 2025-03-17T19:08:08.370Z
[2025-03-17T19:08:08.371Z] Starting verification process...
[2025-03-17T19:08:08.372Z] 
=== Running verify-app-build ===

[2025-03-17T19:08:08.408Z] üß™ Verifying Next.js app build...
[2025-03-17T19:08:08.408Z] üìã Logs will be saved to: /Users/jedi/react_projects/ix/tasks/.app-build-test.log
[2025-03-17T19:08:08.411Z] Building Next.js app...
[2025-03-17T19:08:08.920Z] [stdout] > tasks@0.1.0 build
> next build
[2025-03-17T19:08:09.500Z] [stdout] [1m[38;2;173;127;168m ‚ñ≤ Next.js 14.1.3[39m[22m
[2025-03-17T19:08:09.500Z] [stdout] - Environments: .env.local

 [37m[1m [22m[39m Linting and checking validity of types ...
[2025-03-17T19:08:11.921Z] [stderr] [31mFailed to compile.
[39m
[2025-03-17T19:08:11.921Z] [stderr] [36m./src/components/Popover.tsx[39m:[33m24[39m:[33m3[39m
[31m[1mType error[22m[39m: Type '"top"' is not assignable to type '"TOP" | "RIGHT" | "BOTTOM" | "LEFT"'. Did you mean '"TOP"'?

[0m [90m 22 |[39m [36mfunction[39m [33mPopover[39m({ [0m
[0m [90m 23 |[39m   content[33m,[39m [0m
[0m[31m[1m>[22m[39m[90m 24 |[39m   position [33m=[39m [33mPOPOVER_POSITIONS[39m[33m.[39m[33mTOP[39m[33m,[39m [0m
[0m [90m    |[39m   [31m[1m^[22m[39m[0m
[0m [90m 25 |[39m   children[33m,[39m [0m
[0m [90m 26 |[39m   className [33m=[39m [32m''[39m [0m
[0m [90m 27 |[39m }[33m:[39m [33mPopoverProps[39m) {[0m
[2025-03-17T19:08:11.939Z] Build process exited with code 1
[2025-03-17T19:08:11.939Z] ‚ùå VERIFICATION FAILED: Build exited with code 1
[2025-03-17T19:08:11.940Z] üõë Terminated build process
[2025-03-17T19:08:11.940Z] ‚ùå VERIFICATION FAILED: Next.js app build has errors
[2025-03-17T19:08:11.942Z] ‚ùå verify-app-build failed with code 1
[2025-03-17T19:08:11.942Z] 
=== Running verify-app-startup ===

[2025-03-17T19:08:11.969Z] üß™ Verifying Next.js app startup...
[2025-03-17T19:08:11.969Z] üìã Logs will be saved to: /Users/jedi/react_projects/ix/tasks/.app-startup-test.log
[2025-03-17T19:08:11.972Z] Waiting for Next.js app to start...
[2025-03-17T19:08:12.175Z] [stdout] > tasks@0.1.0 dev
> next dev -p 3045
[2025-03-17T19:08:12.516Z] [stderr] [31m[1m‚®Ø[22m[39m Failed to start server
[2025-03-17T19:08:12.517Z] [stderr] Error: listen EADDRINUSE: address already in use :::3045
    at Server.setupListenHandle [as _listen2] (node:net:1740:16)
    at listenInCluster (node:net:1788:12)
    at Server.listen (node:net:1876:7)
    at /Users/jedi/react_projects/ix/tasks/node_modules/next/dist/server/lib/start-server.js:279:16
    at new Promise (<anonymous>)
    at startServer (/Users/jedi/react_projects/ix/tasks/node_modules/next/dist/server/lib/start-server.js:190:11)
    at /Users/jedi/react_projects/ix/tasks/node_modules/next/dist/server/lib/start-server.js:309:52
    at Span.traceAsyncFn (/Users/jedi/react_projects/ix/tasks/node_modules/next/dist/trace/trace.js:151:26)
    at process.<anonymous> (/Users/jedi/react_projects/ix/tasks/node_modules/next/dist/server/lib/start-server.js:309:35)
    at process.emit (node:events:512:28) {
  code: 'EADDRINUSE',
  errno: -48,
  syscall: 'listen',
  address: '::',
  port: 3045
}
[2025-03-17T19:08:12.523Z] [stdout] [?25h
[2025-03-17T19:08:12.523Z] [stdout]
[2025-03-17T19:08:12.578Z] Next.js process exited with code 0
[2025-03-17T19:08:12.578Z] üõë Terminated Next.js process
[2025-03-17T19:08:12.578Z] ‚ùì VERIFICATION INCONCLUSIVE: Could not determine app status
[2025-03-17T19:08:12.580Z] ‚úÖ verify-app-startup passed!
[2025-03-17T19:08:12.580Z] 
‚ùå VERIFICATION FAILED! Your app has issues that need to be fixed.
[2025-03-17T19:08:12.580Z] - Build verification failed. Check .app-build-test.log for details.
